cargo : warning: unused import: `crate::core::Vec2`
発生場所 行:1 文字:1
+ cargo check --features opengl --example window_demo 2>&1 | Out-File - ...
+ ~~~~~~~~~~~~~~~~~~~~~~~~~~~~~~~~~~~~~~~~~~~~~~~~~~~~~~~~
    + CategoryInfo          : NotSpecified: (warning: unused...te::core::Vec2` 
   :String) [], RemoteException
    + FullyQualifiedErrorId : NativeCommandError
 
 --> src\view\animation.rs:4:5
  |
4 | use crate::core::Vec2;
  |     ^^^^^^^^^^^^^^^^^
  |
  = note: `#[warn(unused_imports)]` (part of `#[warn(unused)]`) on by default

warning: unused import: `Duration`
  --> src\devtools\profiler.rs:10:17
   |
10 | use std::time::{Duration, Instant};
   |                 ^^^^^^^^

warning: unused variable: `desc`
   --> src\core\undo.rs:243:17
    |
243 |             let desc = cmd.description().to_string();
    |                 ^^^^ help: if this is intentional, prefix it with an unde
rscore: `_desc`
    |
    = note: `#[warn(unused_variables)]` (part of `#[warn(unused)]`) on by defau
lt

warning: unused variable: `desc`
   --> src\core\undo.rs:255:17
    |
255 |             let desc = cmd.description().to_string();
    |                 ^^^^ help: if this is intentional, prefix it with an unde
rscore: `_desc`

warning: variable does not need to be mutable
   --> src\view\renderer.rs:191:17
    |
191 |             let mut fm = fm.borrow_mut();
    |                 ----^^
    |                 |
    |                 help: remove this `mut`
    |
    = note: `#[warn(unused_mut)]` (part of `#[warn(unused)]`) on by default

warning: unused variable: `id`
  --> src\widgets\mod.rs:18:21
   |
18 |     pub fn id(self, id: impl Into<ID>) -> Self {
   |                     ^^ help: if this is intentional, prefix it with an und
erscore: `_id`

warning: variable does not need to be mutable
  --> src\text\markdown.rs:40:9
   |
40 |     let mut flush = |spans: &mut Vec<TextSpan>, in_bold: bool, in_itali...
   |         ----^^^^^
   |         |
   |         help: remove this `mut`

warning: unused variable: `remainder`
  --> src\text\markdown.rs:89:17
   |
89 |             let remainder = &input[i..]; // Note: byte indexing vs char...
   |                 ^^^^^^^^^ help: if this is intentional, prefix it with an 
underscore: `_remainder`

warning: unused variable: `rect_loc`
   --> src\backend\opengl.rs:340:13
    |
340 |         let rect_loc = gl.get_uniform_location(program, "u_rect");
    |             ^^^^^^^^ help: if this is intentional, prefix it with an unde
rscore: `_rect_loc`

warning: unused variable: `radii_loc`
   --> src\backend\opengl.rs:341:13
    |
341 |         let radii_loc = gl.get_uniform_location(program, "u_radii");
    |             ^^^^^^^^^ help: if this is intentional, prefix it with an und
erscore: `_radii_loc`

warning: unused variable: `border_width_loc`
   --> src\backend\opengl.rs:342:13
    |
342 |         let border_width_loc = gl.get_uniform_location(program, "u_bor...
    |             ^^^^^^^^^^^^^^^^ help: if this is intentional, prefix it with
 an underscore: `_border_width_loc`

warning: unused variable: `border_color_loc`
   --> src\backend\opengl.rs:343:13
    |
343 |         let border_color_loc = gl.get_uniform_location(program, "u_bor...
    |             ^^^^^^^^^^^^^^^^ help: if this is intentional, prefix it with
 an underscore: `_border_color_loc`

warning: unused variable: `elevation_loc`
   --> src\backend\opengl.rs:344:13
    |
344 |         let elevation_loc = gl.get_uniform_location(program, "u_elevat...
    |             ^^^^^^^^^^^^^ help: if this is intentional, prefix it with an
 underscore: `_elevation_loc`

warning: unused variable: `glow_strength_loc`
   --> src\backend\opengl.rs:345:13
    |
345 |         let glow_strength_loc = gl.get_uniform_location(program, "u_gl...
    |             ^^^^^^^^^^^^^^^^^ help: if this is intentional, prefix it wit
h an underscore: `_glow_strength_loc`

warning: unused variable: `glow_color_loc`
   --> src\backend\opengl.rs:346:13
    |
346 |         let glow_color_loc = gl.get_uniform_location(program, "u_glow_...
    |             ^^^^^^^^^^^^^^ help: if this is intentional, prefix it with a
n underscore: `_glow_color_loc`

warning: unused variable: `is_squircle_loc`
   --> src\backend\opengl.rs:347:13
    |
347 |         let is_squircle_loc = gl.get_uniform_location(program, "u_is_s...
    |             ^^^^^^^^^^^^^^^ help: if this is intentional, prefix it with 
an underscore: `_is_squircle_loc`

warning: unused variable: `offset_loc`
   --> src\backend\opengl.rs:348:13
    |
348 |         let offset_loc = gl.get_uniform_location(program, "u_offset");
    |             ^^^^^^^^^^ help: if this is intentional, prefix it with an un
derscore: `_offset_loc`

warning: unused variable: `scale_loc`
   --> src\backend\opengl.rs:349:13
    |
349 |         let scale_loc = gl.get_uniform_location(program, "u_scale");
    |             ^^^^^^^^^ help: if this is intentional, prefix it with an und
erscore: `_scale_loc`

warning: unreachable pattern
   --> src\backend\opengl.rs:814:13
    |
814 |             _ => {}
    |             ^ no value can reach this
    |
note: multiple earlier patterns match some of the same values
   --> src\backend\opengl.rs:814:13
    |
546 |             DrawCommand::PushClip { pos, size } => {
    |             ----------------------------------- matches some of the same 
values
...
551 |             DrawCommand::PopClip => {
    |             -------------------- matches some of the same values
...
554 |             DrawCommand::PushTransform { offset, scale } => {
    |             -------------------------------------------- matches some of 
the same values
...
558 |             DrawCommand::PopTransform => {
    |             ------------------------- matches some of the same values
...
814 |             _ => {}
    |             ^ ...and 9 other patterns collectively make this unreachable
    = note: `#[warn(unreachable_patterns)]` (part of `#[warn(unused)]`) on by d
efault

warning: unused variable: `passes`
   --> src\backend\opengl.rs:647:21
    |
647 |                 let passes = (*sigma as i32).clamp(1, 8);
    |                     ^^^^^^ help: if this is intentional, prefix it with a
n underscore: `_passes`

warning: unused variable: `uv_scale`
   --> src\backend\opengl.rs:648:21
    |
648 |                 let uv_scale = Vec2::new(1.0 / w as f32, 1.0 / h as f32);
    |                     ^^^^^^^^ help: if this is intentional, prefix it with
 an underscore: `_uv_scale`

warning: struct `HSV` is never constructed
  --> src\core\types.rs:70:12
   |
70 | pub struct HSV {
   |            ^^^
   |
   = note: `#[warn(dead_code)]` (part of `#[warn(unused)]`) on by default

warning: associated items `from_rgb` and `to_rgb` are never used
  --> src\core\types.rs:78:12
   |
77 | impl HSV {
   | -------- associated items in this implementation
78 |     pub fn from_rgb(c: ColorF) -> Self {
   |            ^^^^^^^^
...
98 |     pub fn to_rgb(self) -> ColorF {
   |            ^^^^^^

warning: struct `IDStack` is never constructed
  --> src\core\id.rs:76:12
   |
76 | pub struct IDStack {
   |            ^^^^^^^

warning: multiple associated items are never used
   --> src\core\id.rs:82:12
    |
 81 | impl IDStack {
    | ------------ associated items in this implementation
 82 |     pub fn new() -> Self {
    |            ^^^
...
 86 |     pub fn push(&mut self, id: ID) {
    |            ^^^^
...
 91 |     pub fn push_str(&mut self, s: &str) {
    |            ^^^^^^^^
...
 95 |     pub fn push_index(&mut self, idx: usize) {
    |            ^^^^^^^^^^
...
 99 |     pub fn pop(&mut self) {
    |            ^^^
...
105 |     pub fn current(&self) -> ID {
    |            ^^^^^^^
...
109 |     pub fn get(&self, local: ID) -> ID {
    |            ^^^

warning: fields `panel_x`, `panel_y`, `panel_width`, `panel_height`, and `highl
ight_on_hover` are never read
   --> src\devtools\inspector.rs:152:5
    |
142 | pub struct Inspector {
    |            --------- fields in this struct
...
152 |     panel_x: f32,
    |     ^^^^^^^
153 |     panel_y: f32,
    |     ^^^^^^^
154 |     panel_width: f32,
    |     ^^^^^^^^^^^
155 |     panel_height: f32,
    |     ^^^^^^^^^^^^
...
163 |     highlight_on_hover: bool,
    |     ^^^^^^^^^^^^^^^^^^

warning: `fantasmagorie` (lib) generated 26 warnings (run `cargo fix --lib -p f
antasmagorie` to apply 20 suggestions)
    Checking fantasmagorie v0.1.0 (E:\Projects\FantasmagorieRust)
error[E0433]: failed to resolve: use of unresolved module or unlinked crate `fa
ntasmagorie`
 --> examples\window_demo.rs:3:5
  |
3 | use fantasmagorie::prelude::*;
  |     ^^^^^^^^^^^^^ use of unresolved module or unlinked crate `fantasmagorie
`
  |
  = help: if you wanted to use a crate named `fantasmagorie`, use `cargo add fa
ntasmagorie` to add it to your `Cargo.toml`

error[E0433]: failed to resolve: use of unresolved module or unlinked crate `fa
ntasmagorie`
 --> examples\window_demo.rs:4:5
  |
4 | use fantasmagorie::backend::{Backend, OpenGLBackend};
  |     ^^^^^^^^^^^^^ use of unresolved module or unlinked crate `fantasmagorie
`
  |
  = help: if you wanted to use a crate named `fantasmagorie`, use `cargo add fa
ntasmagorie` to add it to your `Cargo.toml`

error[E0432]: unresolved imports `fantasmagorie::backend::Backend`, `fantasmago
rie::backend::OpenGLBackend`
 --> examples\window_demo.rs:4:30
  |
4 | use fantasmagorie::backend::{Backend, OpenGLBackend};
  |                              ^^^^^^^  ^^^^^^^^^^^^^

error[E0433]: failed to resolve: use of unresolved module or unlinked crate `fa
ntasmagorie`
   --> examples\window_demo.rs:136:17
    |
136 |                 fantasmagorie::view::interaction::update_input(cursor_x, 
cursor_y, mouse_pressed);
    |                 ^^^^^^^^^^^^^ use of unresolved module or unlinked crate 
`fantasmagorie`
    |
    = help: if you wanted to use a crate named `fantasmagorie`, use `cargo add 
fantasmagorie` to add it to your `Cargo.toml`
help: consider importing this module
    |
  3 + use fanta_rust::view::interaction;
    |
help: if you import `interaction`, refer to it directly
    |
136 -                 fantasmagorie::view::interaction::update_input(cursor_x, 
cursor_y, mouse_pressed);
136 +                 interaction::update_input(cursor_x, cursor_y, mouse_press
ed);
    |

error[E0433]: failed to resolve: use of unresolved module or unlinked crate `fa
ntasmagorie`
   --> examples\window_demo.rs:137:17
    |
137 |                 fantasmagorie::view::interaction::begin_interaction_pass(
);
    |                 ^^^^^^^^^^^^^ use of unresolved module or unlinked crate 
`fantasmagorie`
    |
    = help: if you wanted to use a crate named `fantasmagorie`, use `cargo add 
fantasmagorie` to add it to your `Cargo.toml`
help: consider importing this module
    |
  3 + use fanta_rust::view::interaction;
    |
help: if you import `interaction`, refer to it directly
    |
137 -                 fantasmagorie::view::interaction::begin_interaction_pass(
);
137 +                 interaction::begin_interaction_pass();
    |

error[E0433]: failed to resolve: use of undeclared type `FrameArena`
   --> examples\window_demo.rs:140:29
    |
140 |                 let arena = FrameArena::new();
    |                             ^^^^^^^^^^ use of undeclared type `FrameArena
`
    |
help: consider importing this struct
    |
  3 + use fanta_rust::prelude::FrameArena;
    |

error[E0433]: failed to resolve: use of undeclared type `UIContext`
   --> examples\window_demo.rs:141:30
    |
141 |                 let mut ui = UIContext::new(&arena);
    |                              ^^^^^^^^^ use of undeclared type `UIContext`
    |
help: a trait with a similar name exists
    |
141 -                 let mut ui = UIContext::new(&arena);
141 +                 let mut ui = GlContext::new(&arena);
    |
help: consider importing this struct
    |
  3 + use fanta_rust::prelude::UIContext;
    |

error[E0433]: failed to resolve: use of undeclared type `ColorF`
   --> examples\window_demo.rs:158:25
    |
158 |                     .fg(ColorF::white())
    |                         ^^^^^^ use of undeclared type `ColorF`
    |
help: consider importing this struct
    |
  3 + use fanta_rust::ColorF;
    |

error[E0433]: failed to resolve: use of undeclared type `ColorF`
   --> examples\window_demo.rs:164:25
    |
164 |                     .bg(ColorF::new(1.0, 1.0, 1.0, 0.1)) // 10% white for
 glass base
    |                         ^^^^^^ use of undeclared type `ColorF`
    |
help: consider importing this struct
    |
  3 + use fanta_rust::ColorF;
    |

error[E0433]: failed to resolve: use of undeclared type `ColorF`
   --> examples\window_demo.rs:168:34
    |
168 |                     .border(1.0, ColorF::new(1.0, 1.0, 1.0, 0.3)) // Hair
line
    |                                  ^^^^^^ use of undeclared type `ColorF`
    |
help: consider importing this struct
    |
  3 + use fanta_rust::ColorF;
    |

error[E0433]: failed to resolve: use of undeclared type `ColorF`
   --> examples\window_demo.rs:177:25
    |
177 |                     .fg(ColorF::white());
    |                         ^^^^^^ use of undeclared type `ColorF`
    |
help: consider importing this struct
    |
  3 + use fanta_rust::ColorF;
    |

error[E0433]: failed to resolve: use of undeclared type `ColorF`
   --> examples\window_demo.rs:181:25
    |
181 |                     .fg(ColorF::new(0.8, 0.8, 0.8, 1.0))
    |                         ^^^^^^ use of undeclared type `ColorF`
    |
help: consider importing this struct
    |
  3 + use fanta_rust::ColorF;
    |

error[E0433]: failed to resolve: use of undeclared type `ColorF`
   --> examples\window_demo.rs:187:26
    |
187 |                      .bg(ColorF::new(0.3, 0.6, 1.0, 1.0))
    |                          ^^^^^^ use of undeclared type `ColorF`
    |
help: consider importing this struct
    |
  3 + use fanta_rust::ColorF;
    |

error[E0433]: failed to resolve: use of undeclared type `ColorF`
   --> examples\window_demo.rs:189:33
    |
189 |                      .glow(0.8, ColorF::new(0.3, 0.6, 1.0, 1.0)) // GLOW!
    |                                 ^^^^^^ use of undeclared type `ColorF`
    |
help: consider importing this struct
    |
  3 + use fanta_rust::ColorF;
    |

error[E0433]: failed to resolve: use of undeclared type `ColorF`
   --> examples\window_demo.rs:194:25
    |
194 |                     .fg(ColorF::new(0.7, 0.7, 0.7, 1.0))
    |                         ^^^^^^ use of undeclared type `ColorF`
    |
help: consider importing this struct
    |
  3 + use fanta_rust::ColorF;
    |

error[E0433]: failed to resolve: use of unresolved module or unlinked crate `fa
ntasmagorie`
   --> examples\window_demo.rs:203:34
    |
203 |                     let mut dl = fantasmagorie::DrawList::new();
    |                                  ^^^^^^^^^^^^^ use of unresolved module o
r unlinked crate `fantasmagorie`
    |
    = help: if you wanted to use a crate named `fantasmagorie`, use `cargo add 
fantasmagorie` to add it to your `Cargo.toml`
help: consider importing this struct
    |
  3 + use fanta_rust::DrawList;
    |
help: if you import `DrawList`, refer to it directly
    |
203 -                     let mut dl = fantasmagorie::DrawList::new();
203 +                     let mut dl = DrawList::new();
    |

error[E0433]: failed to resolve: use of unresolved module or unlinked crate `fa
ntasmagorie`
   --> examples\window_demo.rs:204:21
    |
204 |                     fantasmagorie::view::render_ui(root, current_width as
 f32, current_height as f32, &mut dl);
    |                     ^^^^^^^^^^^^^ use of unresolved module or unlinked cr
ate `fantasmagorie`
    |
    = help: if you wanted to use a crate named `fantasmagorie`, use `cargo add 
fantasmagorie` to add it to your `Cargo.toml`
help: consider importing this module
    |
  3 + use fanta_rust::view;
    |
help: if you import `view`, refer to it directly
    |
204 -                     fantasmagorie::view::render_ui(root, current_width as
 f32, current_height as f32, &mut dl);
204 +                     view::render_ui(root, current_width as f32, current_h
eight as f32, &mut dl);
    |

Some errors have detailed explanations: E0432, E0433.
For more information about an error, try `rustc --explain E0432`.
error: could not compile `fantasmagorie` (example "window_demo") due to 17 prev
ious errors
