cargo : warning: unused import: `crate::core::Vec2`
発生場所 行:1 文字:1
+ cargo run --features opengl --example window_demo 2>&1 | Out-File -En ...
+ ~~~~~~~~~~~~~~~~~~~~~~~~~~~~~~~~~~~~~~~~~~~~~~~~~~~~~~
    + CategoryInfo          : NotSpecified: (warning: unused...te::core::Vec2` 
   :String) [], RemoteException
    + FullyQualifiedErrorId : NativeCommandError
 
 --> src\view\animation.rs:4:5
  |
4 | use crate::core::Vec2;
  |     ^^^^^^^^^^^^^^^^^
  |
  = note: `#[warn(unused_imports)]` (part of `#[warn(unused)]`) on by default

warning: unused import: `Duration`
  --> src\devtools\profiler.rs:10:17
   |
10 | use std::time::{Duration, Instant};
   |                 ^^^^^^^^

warning: unused variable: `desc`
   --> src\core\undo.rs:243:17
    |
243 |             let desc = cmd.description().to_string();
    |                 ^^^^ help: if this is intentional, prefix it with an unde
rscore: `_desc`
    |
    = note: `#[warn(unused_variables)]` (part of `#[warn(unused)]`) on by defau
lt

warning: unused variable: `desc`
   --> src\core\undo.rs:255:17
    |
255 |             let desc = cmd.description().to_string();
    |                 ^^^^ help: if this is intentional, prefix it with an unde
rscore: `_desc`

warning: variable does not need to be mutable
   --> src\view\renderer.rs:191:17
    |
191 |             let mut fm = fm.borrow_mut();
    |                 ----^^
    |                 |
    |                 help: remove this `mut`
    |
    = note: `#[warn(unused_mut)]` (part of `#[warn(unused)]`) on by default

warning: unused variable: `id`
  --> src\widgets\mod.rs:18:21
   |
18 |     pub fn id(self, id: impl Into<ID>) -> Self {
   |                     ^^ help: if this is intentional, prefix it with an und
erscore: `_id`

warning: variable does not need to be mutable
  --> src\text\markdown.rs:40:9
   |
40 |     let mut flush = |spans: &mut Vec<TextSpan>, in_bold: bool, in_itali...
   |         ----^^^^^
   |         |
   |         help: remove this `mut`

warning: unused variable: `remainder`
  --> src\text\markdown.rs:89:17
   |
89 |             let remainder = &input[i..]; // Note: byte indexing vs char...
   |                 ^^^^^^^^^ help: if this is intentional, prefix it with an 
underscore: `_remainder`

warning: unused variable: `rect_loc`
   --> src\backend\opengl.rs:340:13
    |
340 |         let rect_loc = gl.get_uniform_location(program, "u_rect");
    |             ^^^^^^^^ help: if this is intentional, prefix it with an unde
rscore: `_rect_loc`

warning: unused variable: `radii_loc`
   --> src\backend\opengl.rs:341:13
    |
341 |         let radii_loc = gl.get_uniform_location(program, "u_radii");
    |             ^^^^^^^^^ help: if this is intentional, prefix it with an und
erscore: `_radii_loc`

warning: unused variable: `border_width_loc`
   --> src\backend\opengl.rs:342:13
    |
342 |         let border_width_loc = gl.get_uniform_location(program, "u_bor...
    |             ^^^^^^^^^^^^^^^^ help: if this is intentional, prefix it with
 an underscore: `_border_width_loc`

warning: unused variable: `border_color_loc`
   --> src\backend\opengl.rs:343:13
    |
343 |         let border_color_loc = gl.get_uniform_location(program, "u_bor...
    |             ^^^^^^^^^^^^^^^^ help: if this is intentional, prefix it with
 an underscore: `_border_color_loc`

warning: unused variable: `elevation_loc`
   --> src\backend\opengl.rs:344:13
    |
344 |         let elevation_loc = gl.get_uniform_location(program, "u_elevat...
    |             ^^^^^^^^^^^^^ help: if this is intentional, prefix it with an
 underscore: `_elevation_loc`

warning: unused variable: `glow_strength_loc`
   --> src\backend\opengl.rs:345:13
    |
345 |         let glow_strength_loc = gl.get_uniform_location(program, "u_gl...
    |             ^^^^^^^^^^^^^^^^^ help: if this is intentional, prefix it wit
h an underscore: `_glow_strength_loc`

warning: unused variable: `glow_color_loc`
   --> src\backend\opengl.rs:346:13
    |
346 |         let glow_color_loc = gl.get_uniform_location(program, "u_glow_...
    |             ^^^^^^^^^^^^^^ help: if this is intentional, prefix it with a
n underscore: `_glow_color_loc`

warning: unused variable: `is_squircle_loc`
   --> src\backend\opengl.rs:347:13
    |
347 |         let is_squircle_loc = gl.get_uniform_location(program, "u_is_s...
    |             ^^^^^^^^^^^^^^^ help: if this is intentional, prefix it with 
an underscore: `_is_squircle_loc`

warning: unused variable: `offset_loc`
   --> src\backend\opengl.rs:348:13
    |
348 |         let offset_loc = gl.get_uniform_location(program, "u_offset");
    |             ^^^^^^^^^^ help: if this is intentional, prefix it with an un
derscore: `_offset_loc`

warning: unused variable: `scale_loc`
   --> src\backend\opengl.rs:349:13
    |
349 |         let scale_loc = gl.get_uniform_location(program, "u_scale");
    |             ^^^^^^^^^ help: if this is intentional, prefix it with an und
erscore: `_scale_loc`

warning: unreachable pattern
   --> src\backend\opengl.rs:814:13
    |
814 |             _ => {}
    |             ^ no value can reach this
    |
note: multiple earlier patterns match some of the same values
   --> src\backend\opengl.rs:814:13
    |
546 |             DrawCommand::PushClip { pos, size } => {
    |             ----------------------------------- matches some of the same 
values
...
551 |             DrawCommand::PopClip => {
    |             -------------------- matches some of the same values
...
554 |             DrawCommand::PushTransform { offset, scale } => {
    |             -------------------------------------------- matches some of 
the same values
...
558 |             DrawCommand::PopTransform => {
    |             ------------------------- matches some of the same values
...
814 |             _ => {}
    |             ^ ...and 9 other patterns collectively make this unreachable
    = note: `#[warn(unreachable_patterns)]` (part of `#[warn(unused)]`) on by d
efault

warning: unused variable: `passes`
   --> src\backend\opengl.rs:647:21
    |
647 |                 let passes = (*sigma as i32).clamp(1, 8);
    |                     ^^^^^^ help: if this is intentional, prefix it with a
n underscore: `_passes`

warning: unused variable: `uv_scale`
   --> src\backend\opengl.rs:648:21
    |
648 |                 let uv_scale = Vec2::new(1.0 / w as f32, 1.0 / h as f32);
    |                     ^^^^^^^^ help: if this is intentional, prefix it with
 an underscore: `_uv_scale`

warning: struct `HSV` is never constructed
  --> src\core\types.rs:70:12
   |
70 | pub struct HSV {
   |            ^^^
   |
   = note: `#[warn(dead_code)]` (part of `#[warn(unused)]`) on by default

warning: associated items `from_rgb` and `to_rgb` are never used
  --> src\core\types.rs:78:12
   |
77 | impl HSV {
   | -------- associated items in this implementation
78 |     pub fn from_rgb(c: ColorF) -> Self {
   |            ^^^^^^^^
...
98 |     pub fn to_rgb(self) -> ColorF {
   |            ^^^^^^

warning: struct `IDStack` is never constructed
  --> src\core\id.rs:76:12
   |
76 | pub struct IDStack {
   |            ^^^^^^^

warning: multiple associated items are never used
   --> src\core\id.rs:82:12
    |
 81 | impl IDStack {
    | ------------ associated items in this implementation
 82 |     pub fn new() -> Self {
    |            ^^^
...
 86 |     pub fn push(&mut self, id: ID) {
    |            ^^^^
...
 91 |     pub fn push_str(&mut self, s: &str) {
    |            ^^^^^^^^
...
 95 |     pub fn push_index(&mut self, idx: usize) {
    |            ^^^^^^^^^^
...
 99 |     pub fn pop(&mut self) {
    |            ^^^
...
105 |     pub fn current(&self) -> ID {
    |            ^^^^^^^
...
109 |     pub fn get(&self, local: ID) -> ID {
    |            ^^^

warning: fields `panel_x`, `panel_y`, `panel_width`, `panel_height`, and `highl
ight_on_hover` are never read
   --> src\devtools\inspector.rs:152:5
    |
142 | pub struct Inspector {
    |            --------- fields in this struct
...
152 |     panel_x: f32,
    |     ^^^^^^^
153 |     panel_y: f32,
    |     ^^^^^^^
154 |     panel_width: f32,
    |     ^^^^^^^^^^^
155 |     panel_height: f32,
    |     ^^^^^^^^^^^^
...
163 |     highlight_on_hover: bool,
    |     ^^^^^^^^^^^^^^^^^^

warning: `fantasmagorie` (lib) generated 26 warnings (run `cargo fix --lib -p f
antasmagorie` to apply 20 suggestions)
warning: unused variable: `btn1`
   --> examples\window_demo.rs:184:21
    |
184 |                 let btn1 = ui.button("Glowing Button")
    |                     ^^^^ help: if this is intentional, prefix it with an 
underscore: `_btn1`
    |
    = note: `#[warn(unused_variables)]` (part of `#[warn(unused)]`) on by defau
lt

warning: `fantasmagorie` (example "window_demo") generated 1 warning (run `carg
o fix --example "window_demo" -p fantasmagorie` to apply 1 suggestion)
    Finished `dev` profile [unoptimized + debuginfo] target(s) in 0.17s
     Running `target\debug\examples\window_demo.exe`
Fantasmagorie Rust - Window Demo
   笨・Shaders compiled successfully

thread 'main' (10008) panicked at src\view\renderer.rs:232:26:
RefCell already borrowed
note: run with `RUST_BACKTRACE=1` environment variable to display a backtrace
error: process didn't exit successfully: `target\debug\examples\window_demo.exe
` (exit code: 101)
